1.01729
1
1.0465
1.85895
1.98233
1.00847
1.00805
1.0037
1.01264
1.00592
1
1
1
1.00513
1.00195
1.00473
1.00132
1.01352
1.00415
1
1.00414
1.00928
1.00456
1.00468
1.01328
1
1.00687
1.00663
1.00685
1.01581
1.03137
1.00391
1.04834
1.01476
1.00822
1.00572
1.00123
1
1.00885
1
1.00882
1
1.00722
1.02176
1.02402
1.00497
1.02753
1.0112
1.02131
1.01078
1.01832
1.00315
1.00399
1.00332
1
1.00243
1.01107
1
1.0106
1.02332
1.00984
1.00163
1
1.00891
1
1.00734
1
1.02599
1.00736
1.00589
1.00963
1.03017
1.01395
1.01517
1.01345
1.00482
1.00746
1.00285
1.00642
1.00139
1
1.00136
1.01423
1.00211
1.00288
1.00077
1.00315
1.01306
1.00123
1.03393
1
1.02651
1
1.02617
1.01566
1.02305
1
1.01588
1.00361
1
1
1
1
1
1.02067
1.00466
1
1
1
1.00341
1.00359
1.00527
1.00395
1.01697
1.00146
1
1.00109
1.07795
1.0167
1.04648
1.01403
1.00608
1.02952
1.0089
1.00703
1.00389
1.01643
1.00112
1
1.0011
1.01833
1.00506
1.01691
1
1.00383
1.00646
1
1.29455
1.59672
1.00891
1.01382
1.02388
1.01749
1.01237
1.00151
1.05046
1.03133
1.03291
1
1.02501
1
1.01707
1.00185
1.00622
1
1.00614
1
1.00516
1
1.00417
1
1.00413
1
1.00314
1
1
1
1.00231
1.00192
1.00441
1.01061
1
1.0095
1.01153
1.00974
1
1.00844
1.01507
1.08939
1.01113
1.02339
1.00447
1
1.00397
1.0074
1.04922
1
1.04112
1.01743
1.02698
1.0071
1.01924
1.02744
1.01034
1.00862
1.01826
1.00785
1.00593
1
1.00579
1.07729
1.01329
1
1.00878
1.00799
1.02901
1.01354
1.01409
1.00896
1.0049
1.00173
1
1.00113
1
1.00089
1
1.00074
1.00967
1.00193
1
1
1
1.04124
1.00896
1.00516
1.3194
1.00336
1.00767
1
1.0058
1
1.00473
1
1.00421
1.00195
1.03694
1
1.03227
1.0182
1.02067
1.08421
1.02218
1.00753
1.01908
1.01092
1.01762
1.00781
1.00753
1.0078
1.01341
1
1.01294
1
1.01011
1.02797
1.01202
1
1.00901
1.01616
1.00351
1.00729
1.01365
1.00789
1.00575
1
1.00556
1
1.00472
1.00632
1.00514
1.01761
1
1.01286
1.01371
1.01309
1
1.01238
1
1.01132
1.64381
1.00863
1.02175
1.00048
1.03462
1.02162
1.01431
1.03934
1.00349
1.03213
1.0015
1.00029
1
1.00029
1.00513
1.00716
1.00566
1
1.00401
1.00048
1.00457
1.03692
1
1.03575
1
1.03312
1.0048
1.00157
1.01292
1.00126
1.00409
1
1.00544
1
1.00511
1.00918
1
1
1.00655
1.00055
1.00962
1
1.00792
1
1.0072
1
1.00657
1.00177
1.00789
1.00209
1.01082
1.00326
1.02289
1.01144
1.01716
1
1.01505
1.01594
1.01516
1.00062
1
1.00225
1.00092
1.00771
1
1
1
1.00721
1.00072
1.00022
1.00433
1
1.00415
1
1.035
1
1.03359
1.0109
1.02303
1
1.01841
1.00168
1
1
1
1.00152
1.00387
1.00686
1.0008
1.00464
1.01058
1.00611
1.01329
1
1.00956
1.00774
1.00886
1.00652
1.00066
1.0045
1.00208
1
1.00207
1.00464
1.00228
1.00533
1.00531
1.01006
1.00759
1.01681
1.00844
1.00791
1.01544
1.00196
1.02417
1.00738
1.00826
1.00619
1.00367
1
1
1
1
1
1
1.00216
1.02106
1.0056
1.0126
1.01891
1.01498
1.00539
1.01225
1.00899
1.00995
1.005
1.00679
1.00548
1.00916
1
1.00877
1
1.00858
1.00196
1
1.00222
1
1.00183
1
1.02514
1.00695
1.00612
1.0016
1.02124
1.0057
1.00376
1.00672
1
1.00373
1.00143
1.00321
1.00627
1
1.00613
1.00707
1.00317
1.01605
1.00659
1.00474
1.00389
1.00371
1.01697
1.01544
1.01663
1
1.01641
1.00783
1.01386
1
1.00954
1.00466
1
1
1
1
1
1
1
1
1
1
1
1.00404
1.00556
1.00197
1.00281
1.00073
1.00433
1.00055
1.04325
1
1.02887
1.0078
1.00304
1.01476
1.00445
1.00678
1.00194
1
1.00168
1
1.00165
1.01288
1.00423
1.00846
1.0052
1.00606
1.00323
1.01544
1.30621
1.53619
1.00148
1.00686
1.01194
1
1.00088
1.00532
1.02523
1.01542
1.01646
1
1.01251
1.01088
1.01199
1.00653
1.00311
1
1.00307
1
1.00258
1
1.00208
1
1.00207
1
1.00157
1
1
1
1.00116
1.00571
1.00559
1.01246
1
1.01115
1.01749
1.01191
1.00903
1.00908
1.00748
1.04469
1.00556
1.01156
1.00223
1
1.00199
1.00742
1.03138
1
1.02619
1.00871
1.02198
1.01802
1.02108
1.01354
1.01435
1.0103
1.00905
1.00973
1.00295
1
1.00289
1.03865
1.00664
1
1.00439
1.00892
1.01084
1.00677
1.00942
1.009
1.00596
1.00087
1.00646
1.00169
1.00437
1.00224
1
1.00185
1
1.00161
1.00404
1
1.00382
1.02062
1.00149
1.02372
1.31438
1.0036
1.00382
1
1.00289
1.0264
1.00237
1
1.00211
1.00332
1.02796
1
1.0244
1
1.01875
1.04211
1.01931
1.02695
1.0209
1.01283
1.01945
1.00933
1.00377
1.00915
1.01122
1
1.01083
1
1.00845
1.06897
1
1.01806
1.00449
1.01629
1
1.00806
1.00227
1.00394
1.00288
1
1.00278
1
1.00236
1.00759
1.00624
1.00881
1.00479
1.00772
1.01381
1.00937
1
1.00887
1
1.00811
1.57609
1.00632
1.01271
1.00803
1.0034
1.0107
1.00601
1.03322
1.00174
1.0383
1.00677
1.00753
1
1.00746
1.00257
1.00358
1.00283
1.02755
1.00601
1.00504
1.0061
1.01017
1
1.00985
1
1.00913
1.00612
1.00078
1
1.00063
1.00204
1
1.00272
1
1.00255
1.02339
1.00991
1.00365
1.00327
1.00361
1.0016
1
1.00132
1
1.0012
1
1.00109
1.0031
1.01179
1.00231
1.00538
1.00127
1
1.00572
1.00284
1
1.0025
1.00791
1.00108
1.00124
1.00155
1.00794
1.0023
1.00385
1.00247
1
1.00242
1.01089
1.00327
1.00185
1.00216
1
1.00207
1.00165
1.0175
1
1.01679
1.00545
1.01411
1.03166
1.01753
1.0031
1
1
1
1.0028
1.00563
1.00786
1.00053
1.00543
1.0099
1.00653
1.00886
1
1.00637
1.00516
1.00591
1.00644
1.00308
1.003
1.00305
1
1.00304
1.00309
1.00304
1.00548
1.00487
1.00095
1.00298
1.00222
1.00249
1.00527
1.01024
1.0013
1.01611
1.00492
1.00292
1.00473
1.00326
1
1
1
1
1
1
1.00144
1.02095
1.00427
1.0084
1.0069
1.00783
1.00721
1.00765
1.00493
1.02161
1.00838
1.01603
1.01042
1.00891
1
1.00853
1
1.00834
1.00704
1
1.00296
1
1.00244
1
1.02672
1.00726
1.00542
1.00267
1.002
1.00253
1.00504
1.01128
1.00727
1.00415
1.00095
1.00343
1.00558
1.14545
1.00821
1.00949
1.00849
1.00776
1.0083
1.00563
1.00784
1.00589
1.01131
1.0103
1.01108
1
1.01094
1.00522
1.00924
1
1.00636
1.00597
1
1
1
1
1
1.01034
1.00233
1.01166
1
1.00638
1
1.00518
1.00535
1.00132
1.00375
1.00195
1.01464
1.00511
1.03309
1
1.02205
1.00993
1.0061
1.00984
1.00655
1.0089
1.00651
1.00815
1.00449
1
1.00441
1.00859
1.00537
1.01421
1.0074
1.00822
1.00215
1.02092
1.29502
1.5078
1.00695
1.00456
1.00796
1
1.00412
1.00762
1.01682
1.01023
1.01097
1
1.00834
1.00725
1.00799
1.00769
1.00207
1
1.00205
1
1.00172
1
1.00139
1
1.00138
1
1.00105
1
1
1
1.00077
1.00664
1.00568
1.00831
1
1.00743
1.01166
1.00794
1.015
1.00484
1.01004
1.0298
1.015
1.00768
1.01052
1
1.00934
1.00588
1.02092
1
1.01746
1.02365
1.01892
1.00237
1.01405
1.00898
1.00956
1.00741
1.03101
1.00808
1.00197
1
1.00192
1.02576
1.00443
1.01728
1.00292
1.00639
1
1.00451
1.00156
1.00562
1.00567
1.00231
1.00107
1.00113
1.00732
1.0006
1
1.00049
1.00484
1.00107
1.00269
1.17021
1.00511
1.01375
1.00699
1.01581
1.31183
1.00337
1.00254
1.03582
1.01059
1.0176
1.00551
1
1.00491
1.00182
1.01549
1
1.01352
1
1.0104
1.02807
1.01082
1.01019
1.01069
1.00855
1.0103
1.00499
1.00251
1.00491
1.00748
1
1.00722
1
1.00564
1.04494
1
1.01197
1.00299
1.01086
1
1.00432
1.00151
1.00263
1.00192
1
1.00185
1
1.00157
1.0041
1.0054
1.00117
1.00159
1.00128
1.00114
1.00124
1
1.00118
1
1.00107
1.53463
1.00243
1.01031
1.00097
1.01146
1.03146
1.004
1.02215
1.00116
1.01995
1.00376
1.00206
1
1.00204
1.00598
1.00476
1.00565
1.0182
1.00932
1
1.00474
1.00678
1
1.00657
1
1.00609
1.00475
1.00209
1
1.00168
1.00136
1.00096
1.00181
1
1.0017
1.01559
1.0066
1.00182
1.00218
1.00185
1.00107
1
1.00088
1
1.0008
1
1.00073
1.00162
1.02348
1.00028
1.00895
1.00097
1
1.00381
1.0019
1
1.00166
1.00526
1.00072
1.00072
1.00104
1.00075
1.00031
1.02819
1.00328
1
1.00322
1.0221
1.00072
1.00072
1.00144
1
1.00138
1.00076
1.00814
1
1.00781
1.02896
1.00085
1.02111
1.00341
1.00037
1
1
1
1.00034
1.004
1.00524
1.00361
1.00267
1.006
1.0035
1.00664
1
1.00478
1.00387
1.00443
1.00364
1.00099
1.00451
1.00229
1
1.00228
1.00232
1.00228
1.00326
1.00232
1.00358
1.00293
1.00166
1.0025
1.00395
1.00766
1.00098
1.01208
1.00369
1.0027
1.00309
1.00857
1
1.00441
1
1.00439
1
1.0036
1.00108
1.02382
1.00253
1.0063
1.00517
1.00587
1.00541
1.00574
1.00264
1.00804
1.00376
1.00284
1.00351
1.00473
1
1.00452
1
1.00442
1.00218
1
1.00222
1
1.00183
1
1.02338
1.00348
1.00289
1.0004
1.00449
1.00063
1
1.00846
1.00302
1.00062
1.00357
1.00128
1.00139
1.10909
1.00341
1.00236
1.00211
1.0029
1.00232
1.00176
1.00326
1.00193
1.00848
1.00772
1.00831
1
1.0082
1.00391
1.00693
1
1.00477
1.0024
1
1
1
1
1
1.00775
1.00175
1.00292
1.01413
1.00478
1
1.00208
1.00267
1.00099
1.00281
1
1.00218
1.00055
1.0206
1
1.01375
1.0043
1.00458
1.00738
1.00491
1.00448
1.00227
1.01027
1.00336
1
1.0033
1.01016
1.00488
1.0078
1.00555
1.00497
1.00162
1.01569
1.29726
1.49203
1.00521
1.01036
1.00597
1.00874
1.00664
1.00521
1.01261
1.00765
1.00823
1
1.00625
1.01279
1.0083
1.00577
1.00155
1
1.00153
1
1.00129
1
1.00104
1
1.00103
1
1.00078
1
1
1
1.00058
1.00498
1.00326
1.00623
1
1.00558
1.00875
1.00595
1.00224
1.00484
1.00748
1.02235
1
1.00575
1.00112
1
1.00099
1.00348
1.00244
1
1.00204
1.00879
1.00364
1.01601
1.0008
1.00672
1.00194
1.00122
1.01364
1.00079
1.01043
1
1.01019
1.01932
1.01229
1.0129
1.00366
1.00122
1.00723
1.00338
1.00589
1.00196
1.00312
1
1.00404
1.00141
1.00549
1.00224
1
1.00186
1.00602
1.0008
1.01017
1.03774
1.0077
1.05376
1.01744
1.01186
1.30304
1.00446
1.00191
1.02663
1.00793
1.0132
1.00413
1
1.00368
1.00294
1.01161
1
1.01014
1.0091
1.0099
1.02105
1.01017
1.00764
1.00963
1.01385
1.01038
1.00571
1.00188
1.00559
1.00561
1
1.00542
1
1.00423
1.03333
1
1.00895
1.00224
1.00815
1
1.00492
1.00569
1.00197
1.00433
1
1.00418
1
1.00355
1.00481
1.00341
1.00263
1.00359
1.00289
1.00085
1.00187
1
1.00177
1
1.00161
1.51722
1.00017
1.00773
1.00218
1.00342
1.03248
1.00953
1.00768
1.0061
1.02052
1.00244
1.00037
1
1.00036
1.00579
1.00358
1.0052
1.01378
1.0077
1.00168
1.0032
1.00509
1
1.00493
1
1.00457
1.00321
1.0047
1
1.00377
1.00102
1.00264
1.00136
1
1.00128
1.00232
1.00165
1.00106
1.00164
1.00083
1.00401
1
1.0033
1
1.003
1
1.00274
1.00011
1.01751
1.00105
1.00403
1.00036
1.01144
1.00286
1.00715
1
1.00627
1.00394
1.00486
1.00039
1.00078
1.00395
1.00207
1.00963
1.00082
1
1.0008
1.00181
1.00054
1.00011
1.00108
1
1.00104
1.00005
1.00087
1
1.00083
1.01078
1.00318
1.00519
1.00357
1.00028
1
1
1
1.00025
1.00271
1.00419
1.0093
1.00028
1.00623
1.00175
1.00532
1
1.00382
1.0031
1.00355
1.00202
1.00344
1.00361
1.0035
1
1.00349
1.00186
1.00335
1.00239
1.00212
1.00431
1.00096
1.0121
1.002
1.00316
1.00612
1.00078
1.00967
1.00295
1.00216
1.00232
1.00783
1
1.00352
1
1.00351
1
1.00288
1.0052
1.02216
1.00202
1.00619
1.00793
1.00685
1.00433
1.00613
1.00317
1.00643
1.00385
1.01145
1.00588
1.00602
1
1.00576
1
1.00563
1.00268
1
1.00177
1
1.00146
1
1.0231
1.00453
1.00298
1.00288
1.00957
1.00429
1.00758
1.00677
1.00729
1.00033
1.00286
1.00039
1.00531
1.05351
1.0041
1.00759
1.00488
1.00232
1.00419
1.00211
1.0026
1.00155
1.00679
1.00618
1.00665
1
1.00656
1.00313
1.00555
1
1.00382
1.00192
1
1
1
1
1
1.0062
1.0014
1.00931
1.00283
1.00382
1
1.00166
1.00263
1.00079
1.00224
1
1.01499
1.00373
1.02068
1
1.01378
1.00658
1.00366
1.0059
1.00393
1.00577
1.00207
1.02444
1.00514
1
1.00505
1.01186
1.00118
1.00624
1.00052
1.00338
1.00129
1.0031
1.30454
1.48277
1.00119
1.01918
1.00478
1.01042
1.00352
1.00238
1.01009
1.00409
1.0088
1
1.00668
1.00655
1.00664
1.00315
1.00124
1
1.00123
1
1.00103
1
1.00083
1
1.00083
1
1.00063
1
1
1
1.00046
1.00274
1.00266
1.0032
1
1.00286
1.007
1.00336
1.01076
1.00145
1.00597
1.01788
1
1.01871
1.00359
1
1.00319
1.00185
1.00196
1
1.00164
1.01048
1.00124
1.00859
1.00096
1.00537
1.00026
1.00097
1.02605
1.00168
1.00835
1
1.00815
1.01546
1.00983
1.02746
1.00292
1.00098
1.00144
1.00271
1
1.00082
1.00246
1.00173
1
1.00113
1.00439
1
1
1
1.00484
1.00064
1.00814
1.02996
1.00616
1.04301
1.01395
1.01483
1.30257
1.00405
1.00152
1.00942
1.00345
1.01056
1.00094
1
1.00084
1.00314
1.00308
1
1.00269
1.00728
1.00374
1.01684
1.00405
1.00611
1.00448
1.00367
1.00433
1.00358
1.00602
1.00328
1.00449
1
1.00433
1
1.00338
1.02649
1
1.00715
1.00179
1.00652
1
1.00289
1.00906
1.00158
1.00517
1
1.005
1
1.00425
1.00231
1.00243
1.00035
1.00287
1.00103
1.00752
1.0013
1
1.00123
1
1.00113
1.50581
1.00185
1.00072
1.00116
1.01138
1.01081
1.00327
1.00262
1.00209
1
1.0018
1
1
1
1.00463
1.00428
1.00227
1.01102
1.00481
1.00086
1.00224
1.00407
1
1.00394
1
1.00365
1.00225
1.00094
1
1.00075
1.00082
1.00077
1.00109
1
1.00102
1.00185
1.00132
1.00097
1.00131
1.001
1
1
1
1
1
1
1
1.0008
1.01396
1
1.00215
1.00029
1.01496
1.00343
1.00572
1
1.00502
1.00315
1.00389
1.00031
1.00062
1.00136
1.00018
1.00765
1.00066
1
1.00064
1.01621
1.00101
1.00052
1.00086
1
1.00083
1.00045
1.00069
1
1.00067
1.00861
1.00254
1.00415
1.00286
1.00015
1
1
1
1.00014
1.00194
1.00349
1.00613
1.0007
1.00519
1.0018
1.00443
1
1.00319
1.00258
1.00295
1.00198
1.00154
1.003
1.00208
1
1.00207
1.00155
1.00203
1.00199
1.00354
1.00644
1.00126
1.01008
1.00021
1.00264
1.0051
1.00065
1.00806
1.00246
1.00026
1.00148
1.00734
1
1.00293
1
1.00292
1
1.0024
1.01311
1.01944
1.00155
1.00632
1.00661
1.00643
1.00361
1.00562
1.00264
1.00536
1.00321
1.00643
1.00061
1.00334
1
1.0032
1
1.00312
1.00796
1
1.00296
1
1.00244
1
1.02541
1.0029
1.00207
1.0024
1.00199
1.00231
1.00126
1.00564
1.00121
1.0011
1.00238
1.00032
1.00163
1.0442
1.00068
1.00314
1.00018
1.01073
1.00272
1.00105
1.00216
1.00067
1.00566
1.00515
1.00554
1
1.00547
1.00261
1.00462
1.00511
1.00159
1.00082
1
1
1
1
1
1.00517
1.00117
1.00389
1.00236
1.00319
1.00171
1.00094
1.00176
1.00066
1.00375
1.00146
1.0125
1.0042
1.01304
1.00828
1.00594
1.0047
1.00101
1.00492
1.00149
1.00372
1.00609
1.02028
1.00243
1
1.00238
1.01364
1.00495
1.00805
1.00567
1.0046
1.00108
1.01307
1.29886
1.4757
1.00397
1.01151
1.00398
1.00874
1.0059
1.00479
1.00841
1.0068
1.00512
1
1.00389
1.00913
1.00553
1.00492
1.00104
1
1.00102
1
1.00086
1
1.00069
1
1.00069
1
1.00052
1
1
1
1.00039
1.00423
1.00239
1.00624
1
1.00558
1.01739
1.0028
1
1.00242
1.01004
1.0149
1.01125
1.00768
1.00752
1
1.00667
1.00341
1.00163
1
1.00136
1.00879
1.00312
1.01421
1.0008
1.00447
1.00151
1.00135
1.01517
1.00087
1.00695
1
1.00679
1.01288
1.00819
1.00569
1.00341
1.00126
1.0012
1.00226
1
1.00106
1.00225
1.00144
1.00323
1.00019
1.00366
1.0009
1
1.00074
1.00403
1.00118
1.00678
1.02484
1.00513
1.03584
1.01162
1.01236
1.30421
1.00386
1.00127
1.0282
1.00578
1.0088
1.00632
1
1.00563
1.00419
1.00102
1
1.0009
1.00607
1.00207
1.01404
1.00236
1.00509
1.00293
1.00306
1.00295
1.00372
1.00251
1.00369
1.00075
1
1.00072
1
1.00056
1.02198
1.00299
1.00595
1.00373
1.00543
1.00175
1.00304
1.00302
1.00131
1.00144
1
1.00139
1
1.00118
1.00269
1.00233
1.00205
1.00239
1.00085
1.00057
1.00078
1
1.00074
1
1.00067
1.49791
1.00022
1.00974
1.00243
1.00085
1.01199
1.0049
1.0155
1.00087
1.02201
1.00225
1.00236
1
1.00234
1.00128
1.00357
1
1.00918
1.00267
1.0024
1.00234
1.00749
1
1.00725
1
1.00672
1.00237
1.00078
1
1.00063
1.00068
1.00032
1.00091
1
1.00085
1.00154
1.0011
1.0002
1.00109
1.00028
1
1
1
1
1
1
1
1.00022
1.00388
1.00042
1.00359
1.00085
1.01247
1.00863
1.01054
1
1.00924
1.00262
1.0076
1.00181
1.00052
1.00564
1.0026
1.00899
1.00137
1
1.00134
1.00609
1.0006
1.00109
1.00072
1
1.00069
1.001
1.00058
1
1.00055
1.00359
1.00042
1.00346
1.00034
1.00087
1
1
1
1.00079
1.00214
1.00365
1.00275
1.00339
1.00445
1.00365
1.0038
1
1.00273
1.00221
1.00253
1.00348
1.00132
1.00032
1.00095
1
1.00095
1.00133
1.00098
1.00278
1.00227
1.0002
1.00108
1.00864
1.00018
1.00226
1.00436
1.00056
1.00691
1.00211
1.00022
1.00203
1.00734
1
1.00251
1
1.0025
1
1.00205
1.00185
1.02361
1.0016
1.00541
1.01139
1.00767
1.00309
1.00636
1.0009
1.00343
1.00143
1.00097
1.00131
1.00286
1
1.00274
1
1.00268
1.00789
1
1.00254
1
1.00209
1
1.02521
1.00249
1.00194
1.00365
1.00768
1.0045
1.0065
1.00483
1.0059
1.00095
1.00204
1.00028
1
1.03765
1.00078
1.00269
1.00121
1.0092
1.00155
1.00055
1.00186
1.00026
1.00485
1.00441
1.00475
1
1.00469
1.00224
1.00396
1.00073
1.00295
1.0007
1
1
1
1
1
1.00443
1.001
1.00333
1.00202
1.00273
1.00146
1.0008
1.00163
1.00056
1.00321
1.00125
1.00187
1.00141
1.01118
1.00709
1.00509
1.00246
1.00087
1.00422
1.00127
1.0021
1
1.00116
1.00016
1
1.00016
1.00422
1.00085
1.00405
1.00158
1.00186
1.00092
1.0112
1.2996
1.47052
1.0034
1.01759
1.00341
1.00992
1.00201
1.0013
1.00721
1.00582
1.00439
1
1.00333
1.00673
1.00016
1.0011
1.00089
1
1.00088
1
1.00074
1
1.0006
1
1.00059
1
1.00045
1
1
1
1.00033
1.00098
1.00146
1.00356
1
1.00319
1.00833
1.0038
1.0179
1.00086
1.0064
1.01277
1.00159
1.01671
1.00192
1
1.00171
1.00106
1.0014
1
1.00117
1.00754
1.00267
1.00506
1.00092
1.00383
1
1.00062
1.01298
1.00022
1.00596
1
1.00582
1.01104
1.00702
1.00488
1.00293
1.00063
1.00462
1.00193
1.00234
1.00016
1.00132
1.00049
1.00928
1.00355
1.00314
1.00346
1
1.00287
1.00345
1.00295
1.00581
1.16976
1.00329
1.03072
1.00388
1.0106
1.31042
1.00379
1.00109
1.02417
1.00496
1.00754
1.00542
1
1.00482
1.00398
1.00707
1
1.00617
1.0052
1.00595
1.01203
1.00609
1.00326
1.00412
1.00262
1.00385
1.00393
1.00976
1.00411
1.00385
1
1.00371
1
1.0029
1.01878
1.00043
1.00509
1.00096
1.00466
1.00025
1.00365
1.0071
1.00113
1.0041
1
1.00396
1
1.00337
1.00308
1.00163
1.00528
1.00274
1.0046
1.00049
1.00347
1
1.00328
1
1.003
1.49261
1.0018
1.00259
1.00062
1.00787
1.00726
1.00233
1.02235
1.00626
1.00309
1.00495
1.00232
1
1.0023
1.00367
1.00305
1.00189
1.01953
1.00438
1.00109
1.00156
1.00174
1
1.00169
1
1.00156
1.00154
1.00067
1
1.00054
1.00058
1.00027
1.00078
1
1.00073
1.00599
1.00259
1.00078
1.00094
1.00079
1
1
1
1
1
1
1
1.00063
1.00333
1.00078
1.0023
1.00036
1.00081
1.0074
1.00327
1
1.00287
1.00225
1.00216
1.00062
1.00044
1.00258
1.00131
1.00771
1.00035
1
1.00034
1.01263
1.00093
1.00071
1.00062
1
1.00059
1.00065
1.00049
1
1.00048
1.00308
1.00036
1.01333
1.00233
1.00037
1
1
1
1.00034
1.00136
1.00254
1.0008
1.00157
1.00389
1.00214
1.00332
1
1.00239
1.00194
1.00222
1.00215
1.00248
1.00254
1.0025
1
1.00249
1.00116
1.00238
1.00222
1.00332
1.00018
1.00181
1.00584
1.00109
1.00198
1.00382
1.00049
1.00604
1.00185
1.00122
1.00192
1.00245
1
1.0022
1
1.00219
1
1.0018
1.00162
1.02098
1.0018
1.00474
1.00425
1.00455
1.0027
1.00403
1.00079
1.00503
1.00042
1.0037
1.0013
1.00278
1
1.00266
1
1.0026
1.00754
1
1.00222
1
1.00183
1
1.0249
1.00239
1.00203
1.0032
1.00671
1.00394
1.00189
1.00423
1.0003
1.00248
1.00466
1.00088
1
1.10909
1.00205
1.00236
1.00106
1.00805
1.00291
1.00083
1.00358
1.00116
1.00424
1.00386
1.00416
1
1.0041
1.00196
1.00347
1.00064
1.00258
1.00139
1
1
1
1
1
1.00388
1.00087
1.00292
1.00177
1.00239
1.00128
1.00138
1.00185
1.00049
1.00281
1.0011
1.01047
1.00343
1.00978
1.0062
1.00446
1.00372
1.00076
1.00369
1.00111
1.00292
1
1.01719
1.00238
1
1.00233
1
1.0018
1.00354
1.00057
1.00133
1.01211
1.0098
1.31204
1.46757
1.00297
1.01536
1.00299
1.00867
1.00528
1.00038
1.00631
1.00509
1.00384
1
1.00292
1.00136
1.00243
1.00075
1.00078
1
1.00077
1
1.00064
1
1.00052
1
1.00052
1
1.00039
1
1
1
1.00029
1.00068
1.00155
1.0049
1
1.00439
1.00729
1.00474
1.00224
1.0044
1.0056
1.01117
1.00139
1.00865
1.0028
1
1.00249
1.00279
1.00779
1
1.00651
1.01092
1.00234
1.01151
1.0008
1.00335
1.00129
1.00108
1.04502
1.0023
1.00522
1
1.00509
1.00966
1.00615
1.00426
1.00256
1.00234
1.00404
1.00169
1.00205
1.00164
1.00156
1.0013
1.00161
1.00028
1.00274
1.00034
1
1.00028
1.00302
1.00064
1.00509
1
1.00481
1.00175
1.00339
1.00395
1.3134
1.00138
1.00095
1.03364
1.00725
1.0066
1.00713
1
1.00635
1.0023
1
1
1
1.00455
1.00104
1.01053
1.00126
1.00095
1.0012
1.01721
1.00403
1.00295
1.00854
1.00312
1.00789
1
1.00762
1
1.00594
1.01639
1.00337
1.00445
1.0014
1.00407
1.00197
1.00299
1.00169
1.00099
1.00072
1
1.00069
1
1.00059
1.00269
1.00176
1.0011
1.0024
1.00144
1.00043
1.00117
1
1.0011
1
1.00101
1.48877
1.00025
1.01237
1.00346
1.00171
1.00037
1.00122
1.01052
1.00109
1.01926
1.00357
1.00351
1
1.00347
1.00064
1.00267
1.00024
1.01033
1.00284
1.00336
1.00195
1.01077
1
1.01043
1
1.00966
1.00201
1.00059
1.00642
1.00173
1.00051
1.0012
1.00068
1
1.00064
1.00405
1.00103
1.00114
1.00082
1.00097
1
1
1
1
1
1
1
1.00077
1.01258
1.00141
1.00336
1.00077
1.00071
1.00647
1.00286
1
1.00251
1.00196
1.00189
1.00039
1.00039
1.00225
1.00115
1.00674
1.00031
1
1.0003
1.00364
1.00063
1.00046
1.00054
1
1.00052
1.00046
1.00043
1
1.00042
1.0027
1.00032
1.00129
1
1.00042
1
1
1
1.00038
1.00166
1.00226
1.00089
1.00186
1.00346
1.00225
1.00295
1
1.00212
1.00172
1.00197
1.00221
1.0022
1.00225
1.00222
1
1.00221
1.00103
1.00212
1.00218
1.00235
1.0027
1.00252
1.00822
1.00152
1.00176
1.00339
1.00043
1.00537
1.00164
1.00097
1.00126
1.00761
1
1.00244
1
1.00243
1
1.002
1.00289
1.0224
1.00106
1.00306
1.00378
1.00333
1.0024
1.00307
1.00386
1.00356
1.0038
1.00787
1.00068
1.00136
1
1.0013
1
1.00127
1.00752
1
1.00198
1
1.00163
1
1.02472
1.00126
1.00114
1.00284
1
1.00224
1.0059
1.00376
1.00513
1.00028
1.00127
1.0005
1.00139
1.0442
1.00045
1.00209
1.00012
1.00715
1.00181
1.00109
1.00202
1.00072
1.00377
1.00343
1.00369
1
1.00365
1.00174
1.00308
1.00057
1.0023
1.00098
1
1
1
1
1
1.00345
1.00078
1.00259
1.00157
1.00213
1.00114
1.001
1.0011
1.00044
1.0025
1.00097
1.00049
1.00085
1.0087
1.00551
1.00396
1.00174
1.00068
1.00328
1.00099
1.00151
1.00522
1.0009
1.00462
1
1.00453
1
1.00349
1.006
1.00406
1.00267
1.00867
1.00871
1.29378
1.46388
1.00631
1.01363
1.00265
1.0077
1.00059
1.00237
1.00561
1.00452
1.00341
1
1.00259
1.00604
1.00013
1.00191
1.00069
1
1.00068
1
1.00057
1
1.00046
1
1.00046
1
1.00035
1
1
1
1.00026
1.00166
1.00124
1.00615
1
1.0055
1.00648
1.00562
1.00695
1.00391
1.00497
1.00993
1.00124
1.01559
1.002
1
1.00177
1.00341
1.00036
1
1.0003
1.00781
1.00208
1.01113
1.00412
1.00298
1.00274
1.00313
1.0162
1.00257
1.00464
1
1.00453
1.00859
1.00546
1.00379
1.00228
1.00252
1.00359
1.0015
1.00182
1.00183
1.00131
1.00058
1.00179
1.00025
1.00244
1.0003
1
1.00025
1.00697
1.00071
1.0036
1.17021
1.00428
1.00155
1.00301
1.00883
1.31107
1.00075
1.00085
1.01746
1.00353
1.00587
1.00395
1
1.00352
1.00126
1.00931
1
1.00812
1.00405
1.00719
1.00936
1.00724
1.00296
1.00508
1.0078
1.00556
1.00287
1
1.00278
1.00199
1
1.00192
1
1.0015
1.01455
1.00299
1.00396
1.00323
1.00362
1.00175
1.00223
1.00151
1.00088
1.00064
1
1.00062
1
1.00052
1.00201
1.00143
1.00098
1.00266
1
1.00645
1.00176
1
1.00167
1
1.00152
1.48555
1.00176
1.00914
1.00113
1.00494
1.0093
1.00652
1.01837
1.00165
1.01712
1.00092
1.00105
1
1.00104
1.00314
1.00237
1.00168
1.00918
1.00386
1.00154
1.00144
1.01373
1
1.01329
1
1.01231
1.00153
1.00052
1.00071
1.00028
1.00045
1.00011
1.0006
1
1.00057
1.00569
1.00238
1.00081
1.00073
1.0008
1
1
1
1
1
1
1
1.00064
1.01117
1
1.00775
1.00105
1.01087
1.00572
1.00254
1
1.00223
1.00175
1.00168
1.00065
1.00034
1.00251
1.00082
1.00936
1.00027
1
1.00027
1.01146
1.00089
1.00019
1.00048
1
1.00046
1.00021
1.00038
1
1.00037
1.00837
1.00226
1.01994
1.00204
1
1
1
1
1
1.0013
1.00203
1.0024
1.00074
1.00311
1.00133
1.00266
1
1.00191
1.00155
1.00177
1.0014
1.00198
1.00203
1.002
1
1.00199
1.00093
1.0019
1.00154
1.00212
1.00043
1.00089
1.00739
1.00012
1.00158
1.00305
1.00039
1.00483
1.00148
1.00015
1.00113
1.00759
1
1.0022
1
1.00219
1
1.0018
1.0026
1.02243
1.00096
1.0039
1.00038
1.00228
1.00216
1.00225
1.00074
1.0032
1.00008
1.00708
1.00183
1.00206
1
1.00197
1
1.00193
1.00751
1
1.00178
1
1.00147
1
1.02458
1.00178
1.00127
1.00064
1
1.0005
1.00531
1.00338
1.00461
1.00191
1.00114
1.00174
1.00125
1.0396
1.00041
1.0113
1.00222
1.00644
1.00008
1.00098
1.00339
1.00127
1.00339
1.00309
1.00333
1
1.00328
1.00157
1.00277
1.00051
1.00207
1.0014
1
1
1
1
1
1.0031
1.0007
1.00931
1.00141
1.00446
1.00068
1.00112
1.00123
1.00039
1.00225
1.00088
1.00926
1.00296
1.012
1.00495
1.00632
1.00392
1.00061
1.00295
1.00089
1.00299
1.0047
1.00081
1.00415
1
1.00408
1.00736
1.00144
1.00255
1.0017
1.0024
1.00129
1.00784
1.30054
1.4613
1.00268
1.0152
1.00239
1.01049
1.00584
1.0029
1.00505
1.00407
1.00307
1
1.00233
1.00913
1.00446
1.00318
1.00062
1
1.00061
1
1.00052
1
1.00042
1
1.00041
1
1.00031
1
1
1
1.00023
1.00273
1.00162
1.00196
1
1.00175
1.00583
1.00224
1.00268
1.0023
1.00447
1.00894
1.00111
1.00923
1.00269
1
1.00239
1.00121
1.00033
1
1.00027
1.00703
1.00187
1.01134
1.00112
1.00268
1.00142
1.00011
1.01456
1.00031
1.00417
1
1.00408
1.00773
1.00492
1.02045
1.0038
1.00084
1.00036
1.00135
1.0007
1.0006
1.00138
1.00467
1.00812
1.00023
1.0022
1.00027
1
1.00022
1.00339
1.00064
1.00488
1.16236
1.00384
1.01272
1.0003
1.00263
1.31894
1.00019
1.00076
1.01571
1.00318
1.00528
1.00356
1
1.00317
1.00074
1.00062
1
1.00054
1.00364
1.00125
1.00842
1.00142
1.00266
1.00056
1.00702
1.00171
1.0011
1.00759
1.00131
1.00722
1
1.00696
1
1.00543
1.01307
1.0033
1.00356
1.00157
1.00326
1.00193
1.00138
1.00587
1.00079
1.00344
1
1.00333
1
1.00283
1.00104
1.00132
1.00263
1.0024
1.00128
1.0058
1.00252
1
1.00238
1
1.00218
1.48346
1.00225
1.00273
1.00092
1.01281
1.0006
1.00833
1.01654
1.00994
1.00435
1.00916
1.00301
1
1.00298
1.00026
1.00501
1.00151
1.00827
1.00348
1.00307
1.00153
1.00821
1
1.00794
1
1.00736
1.00158
1.00047
1.00064
1.00025
1.00041
1.0001
1.00054
1
1.00051
1.00417
1.00115
1.00049
1.00065
1.00039
1
1
1
1
1
1
1
1.00031
1.00544
1
1.00161
1.00022
1.00171
1.00633
1.00229
1
1.00201
1.00157
1.00151
1.00003
1.00031
1.00225
1.0011
1.00842
1.00189
1
1.00185
1.00437
1.0021
1.00061
1.00043
1
1.00041
1.0006
1.00035
1
1.00033
1.00752
1.00203
1.01794
1.00184
1.00037
1
1
1
1.00034
1.0013
1.00185
1.00218
1.00068
1.00283
1.00121
1.00242
1
1.00174
1.00141
1.00161
1.00127
1.00048
1.00184
1.00098
1
1.00098
1.00084
1.00097
1.00118
1.00338
1.00182
1.00263
1.00672
1.00301
1.00144
1.00277
1.00036
1.00439
1.00134
1.00272
1.00163
1.00756
1
1.002
1
1.00199
1
1.00163
1.00236
1.02245
1.00141
1.0024
1.00533
1.0035
1.00197
1.00307
1.00144
1.00512
1.00008
1.00414
1.00105
1.00215
1
1.00206
1
1.00201
1.0075
1
1.00162
1
1.00133
1
1.02446
1.00184
1.00157
1.00261
1
1.00206
1.00274
1.00308
1.00066
1.00158
1.00391
1.00035
1.00394
1.03587
1.00311
1.00863
1.00434
1.00585
1.00474
1.00195
1.00213
1.00146
1.00308
1.00281
1.00302
1
1.00298
1.00142
1.00252
1.00046
1.00188
1.00153
1
1
1
1
1
1.00282
1.00064
1.00318
1.00128
1.00232
1.00109
1.00147
1.00155
1.00036
1.00205
1.0008
1.00842
1.00269
1.00674
1.0045
1.00299
1.00278
1.00055
1.00268
1.00081
1.00218
1.00354
1.01542
1.00519
1
1.00509
1.00436
1.00292
1.00051
1.00237
1.00011
1.00117
1.00713
1.30085
1.45918
1.00244
1.01382
1.00217
1.00954
1.00531
1.00085
1.00459
1.0037
1.00279
1
1.00212
1.00626
1.00052
1.0006
1.00057
1
1.00056
1
1.00047
1
1.00038
1
1.00038
1
1.00029
1
1
1
1.00021
1.00054
1.00129
1.00357
1
1.00319
1.0053
1.00344
1.00649
1.00209
1.00406
1.00813
1.00101
1.00838
1.00244
1
1.00217
1.0011
1.0003
1
1.00025
1.01112
1.00245
1.00322
1.00263
1.00243
1.00259
1.00044
1.02368
1.00024
1.00379
1
1.00371
1.00703
1.00447
1.00155
1.00239
1.00057
1.00326
1.00123
1.0017
1.0002
1.00117
1.00597
1.00088
1.00358
1.002
1.00244
1
1.00202
1.00308
1.00134
1.00444
1
1.0042
1.01156
1.00577
1.00819
1.30867
1.00066
1.00069
1.02669
1.0058
1.0048
1.00562
1
1.005
1.00146
1.0052
1
1.00454
1.00331
1.00426
1.00766
1.00434
1.00521
1.00452
1.001
1.00353
1.00223
1.0069
1.00238
1.00244
1
1.00236
1
1.00184
1.01187
1.00299
1.00324
1.00305
1.00296
1.00175
1.00188
1.00082
1.00072
1.00026
1
1.00025
1
1.00021
1.00171
1.00127
1.00112
1.00261
1.00012
1.00155
1.00051
1
1.00048
1
1.00044
1.4811
1.00006
1.0066
1.00181
1.00642
1.00054
1.00427
1.01503
1.00638
1.0069
1.00453
1.00067
1
1.00066
1.00281
1.00259
1.00137
1.00751
1.00316
1.00111
1.00125
1.00334
1
1.00324
1
1.003
1.00126
1.00043
1.00058
1.00023
1.00037
1.00009
1.00049
1
1.00046
1.00084
1.0006
1.00017
1.0006
1.0002
1
1
1
1
1
1
1
1.00016
1.00494
1.00042
1.00391
1.00089
1.00155
1.00576
1.00208
1
1.00182
1.00143
1.00138
1.00096
1.00183
1.00205
1.00192
1.00771
1.00089
1
1.00088
1.01071
1.00026
1.00075
1.00039
1
1.00038
1.00069
1.00031
1
1.0003
1.00683
1.00185
1.02549
1.00649
1.00003
1
1
1
1.00003
1.00108
1.00235
1.00281
1.00248
1.00259
1.00251
1.00221
1
1.00159
1.00129
1.00148
1.00235
1.00176
1.00169
1.00174
1
1.00173
1.00077
1.00165
1.00216
1.00221
1.00119
1.00172
1.00616
1.00099
1.00132
1.00254
1.00033
1.00403
1.00123
1.0006
1.00135
1.00754
1
1.00183
1
1.00182
1
1.0015
1.00216
1.02377
1.00102
1.0022
1.00078
1.00107
1.0018
1.00128
1.00026
1.00333
1.0009
1.0084
1.00158
1.00141
1
1.00135
1
1.00132
1.00749
1
1.00148
1
1.00122
1
1.02441
1.00125
1.00111
1.0024
1
1.00189
1.00506
1.00282
1.00425
1.00021
1.00071
1.00032
1.00058
1.03279
1.00125
1.01098
1.00343
1.00243
1.00187
1.00067
1.00326
1.00021
1.00283
1.00257
1.00277
1
1.00273
1.0013
1.00231
1.00043
1.00172
1.00011
1
1
1
1
1
1.00258
1.00058
1.00292
1.00118
1.00213
1.001
1.00022
1.00087
1.00033
1.00188
1.00073
1.00772
1.00247
1.00618
1.00412
1.00274
1.00255
1.00051
1.00246
1.00074
1.002
1.00065
1.00202
1.00028
1
1.00027
1.00031
1.00014
1.00521
1.00109
1.00158
1.00759
1.00654
1.29517
1.45704
1.00523
1.01267
1.00199
1.00874
1.00665
1.00231
1.0042
1.00339
1.00256
1
1.00195
1.00516
1.00295
1.00242
1.00052
1
1.00051
1
1.00043
1
1.00035
1
1.00034
1
1.00026
1
1
1
1.00019
1.00208
1.00118
1.00327
1
1.00293
1.00677
1.00175
1.00595
1.00071
1.00372
1.00745
1.00093
1.01559
1.00224
1
1.00199
1.00101
1.01349
1
1.01126
1.01018
1.00609
1.01002
1.00241
1.00223
1.00151
1.00122
1.01517
1.00074
1.00348
1
1.0034
1.00644
1.0041
1.00142
1.00219
1.00096
1.00299
1.00113
1.00156
1.00056
1.00111
1.00144
1.00242
1.00009
1.00625
1.00134
1
1.00111
1.00282
1.00134
1.00407
1.14545
1.00384
1.0106
1.00075
1.00751
1.31409
1.00157
1.00063
1.01208
1.00241
1.0044
1.00277
1
1.00246
1.00173
1.00449
1
1.00392
1.00303
1.00233
1.00702
1.00211
1.00478
1.00067
1.00646
1.0006
1.00131
1.00126
1.00123
1.00676
1
1.00653
1
1.00509
1.01087
1.00325
1.00297
1.00168
1.00272
1.0019
1.00131
1.00527
1.00066
1.00311
1
1.003
1
1.00255
1.00099
1.00109
1.00102
1.0024
1.00139
1.0054
1.00047
1
1.00044
1
1.0004
1.47941
1.00072
1.00669
1.00125
1.00588
1.0005
1.00391
1.00404
1.00233
1.01559
1.00415
1.00239
1
1.00236
1
1.00477
1.00126
1.00689
1.0029
1.00246
1.00126
1.00718
1
1.00695
1
1.00644
1.0013
1.00039
1.00054
1.00021
1.00034
1.00008
1.00045
1
1.00043
1.00077
1.00055
1.00015
1.00055
1.00019
1
1
1
1
1
1
1
1.00015
1.00453
1.00038
1.00715
1.00063
1.00142
1.0062
1.0038
1
1.00334
1.00131
1.00306
1.00098
1.00013
1.00188
1.00084
1.00829
1.00164
1
1.00161
1.00486
1.00193
1.00127
1.00036
1
1.00034
1.00122
1.00029
1
1.00028
1.00449
1.00085
1.02332
1.0039
1.00147
1
1
1
1.00133
1.00092
1.00151
1.00099
1.00136
1.00239
1.00161
1.00204
1
1.00147
1.00119
1.00136
1.00158
1.00163
1.00156
1.0016
1
1.0016
1.00071
1.00152
1.00156
1.00204
1.00176
1.00021
1.00569
1.00034
1.00122
1.00235
1.0003
1.00372
1.00114
1.00047
1.00124
1.00753
1
1.00169
1
1.00168
1
1.00138
1.00233
1.02244
1.00108
1.00203
1.00685
1.00385
1.00166
1.00323
1.0013
1.00495
1
1.0014
1.00038
1.00158
1
1.00152
1
1.00148
1.00748
1
1.00137
1
1.00113
1
1.02432
1.00137
1.00119
1.00221
1
1.00174
1.00467
1.0026
1.00392
1.00019
1.00066
1.0003
1.00086
1.03019
1.00021
1.01013
1.00211
1.00224
1.00095
1.00027
1.00739
1.00112
1.00261
1.00238
1.00256
1
1.00252
1.0012
1.00213
1.00039
1.00159
1.00068
1
1
1
1
1
1.00239
1.00054
1.00269
1.00109
1.00196
1.00092
1.00047
1.00074
1.0003
1.00173
1.00067
1.00168
1.00008
1.0057
1.00381
1.00253
1.00078
1.00047
1.00227
1.00069
1.00075
1.00579
1.00186
1.00473
1
1.00465
1.00398
1.00267
1.00196
1.0016
1.00032
1.0005
1.00603
1.30164
1.45555
1.00183
1.01169
1.00184
1.00807
1.00436
1.00035
1.00388
1.00708
1.00457
1
1.00347
1.00476
1.00387
1.00099
1.00048
1
1.00047
1
1.0004
1
1.00032
1
1.00032
1
1.00024
1
1
1
1.00018
1.00087
1.00077
1.00481
1
1.0043
1.00538
1.00443
1.00549
1.00308
1.00344
1.00688
1.00086
1.00887
1.00241
1
1.00214
1.00186
1.00728
1
1.00609
1.00811
1.00272
1.00218
1.00259
1.00206
1.00249
1.00004
1.01399
1.00036
1.00321
1
1.00314
1.00595
1.00378
1.01832
1.00382
1.00089
1.00276
1.00104
1.00144
1.00098
1.00059
1.00386
1.00099
1.00216
1.00135
1.00145
1
1.0012
1.0026
1.00069
1.01247
1.13278
1.01887
1.00979
1.01272
1.00364
1.32928
1.00289
1.00708
1.01116
1.00806
1.00406
1.00733
1
1.00652
1.00114
1.00511
1
1.00447
1.0028
1.00408
1.00648
1.00414
1.00826
1.005
1.00597
1.00517
1.00121
1.00116
1.00113
1.00276
1
1.00266
1
1.00208
1.01003
1.00299
1.00274
1.00292
1.00251
1.00175
1.00079
1.00035
1.00061
1
1
1
1
1
1.00072
1.00061
1.00095
1.00221
1.00128
1.00184
1.00144
1
1.00136
1
1.00124
1.47879
1.00066
1.01358
1.00408
1.00145
1.00046
1.00075
1.00373
1.00134
1.00751
1.0022
1.00161
1
1.0016
1.00257
1.00274
1.00116
1.00636
1.00267
1.00179
1.00075
1.01077
1
1.01043
1
1.00966
1.00082
1.00036
1.00049
1.00019
1.00031
1.00007
1.00042
1
1.00039
1.01008
1.00381
1.00135
1.0005
1.00128
1
1
1
1
1
1
1
1.00102
1.00418
1.00119
1.01506
1.00304
1.01018
1.00576
1.00796
1
1.00698
1.00121
1.00584
1.00344
1.00012
1.00173
1.00078
1.02294
1.00315
1
1.00309
1.0102
1.00178
1.00187
1.00033
1
1.00032
1.00176
1.00027
1
1.00026
1.00415
1.00078
1.0008
1.00047
1.00164
1
1
1
1.00149
1.00092
1.0014
1.00091
1.00126
1.00222
1.0015
1.0019
1
1.00137
1.00111
1.00127
1.00146
1.00151
1.00145
1.00149
1
1.00148
1.00066
1.00141
1.00145
1.00342
1.0002
1.00187
1.00528
1.00219
1.00113
1.00218
1.00028
1.00345
1.00105
1.00199
1.00161
1.00752
1
1.00157
1
1.00156
1
1.00128
1.00216
1.02375
1.00127
1.00188
1.00446
1.00286
1.00155
1.00248
1.0012
1.00459
1
1.00555
1.00148
1.00203
1
1.00194
1
1.0019
1.00748
1
1.00127
1
1.00105
1
1.02429
1.00171
1.00144
1.00205
1
1.00162
1.00433
1.00242
1.00364
1.00018
1.00348
1.00092
1.0008
1.02797
1.00019
1.0094
1.00196
1.00208
1.00089
1.0001
1.00354
1.00051
1.00242
1.00221
1.00238
1
1.00234
1.00112
1.00198
1.00036
1.00148
1.00067
1
1
1
1
1
1.00221
1.0005
1.0025
1.00101
1.00182
1.00085
1.00069
1.00124
1.00028
1.00161
1.00063
1.00725
1.00227
1.07669
1.00353
1.05236
1.01334
1.00043
1.00211
1.00064
1.00908
1.00278
1.01441
1.00439
1
1.00431
1.00368
1.00417
1.00101
1.00344
1.00651
1.00046
1.0056
1.30181
1.45426
1.0017
1.01086
1.00171
1.00749
1.00405
1.005
1.0036
1.00658
1.00424
1
1.00322
1.01009
1.00098
1.00427
1.00044
1
1.00044
1
1.00037
1
1.0003
1
1.0003
1
1.00022
1
1
1
1.00017
1.00359
1
1.00267
1
1.00239
1.00663
1.0013
1.00509
1.00043
1.00319
1.00638
1.0008
1.00823
1.00224
1
1.00199
1.00013
1.00023
1
1.00019
1.00754
1.00163
1.00909
1.0008
1.0048
1.00028
1.00004
1.02392
1.00071
1.00298
1
1.00291
1.00552
1.00351
1
1.0023
1.00095
1.00256
1.00097
1.00134
1.00059
1.00006
1.00185
1.00743
1.00137
1.00125
1.00134
1
1.00111
1.00242
1.00129
1.00465
1.12214
1.00219
1.00909
1.00021
1.00338
1.31856
1.00069
1.00657
1.01036
1.00748
1.00377
1.00681
1
1.00606
1.00168
1.00758
1
1.00663
1.0026
1.00452
1.00602
1.00426
1
1.00337
1.01302
1.00047
1.00088
1.00108
1.00081
1.00192
1
1.00186
1
1.00145
1.0093
1.00021
1.00254
1.00048
1.00233
1.00013
1.00073
1.00483
1.00056
1.00287
1
1.00277
1
1.00235
1.00048
1.00013
1.00088
1.00273
1.00009
1.00514
1.00133
1
1.00126
1
1.00115
1.47775
1.00061
1.00208
1.0001
1.00553
1.00043
1.00367
1.00346
1.00225
1.00697
1.00097
1.00032
1
1.00031
1.00018
1.0046
1.00108
1.02152
1.00553
1.00074
1.00003
1.00586
1
1.00567
1
1.00526
1.00007
1.00034
1.00046
1.00018
1.00029
1.00007
1.00039
1
1.00036
1.00463
1.00141
1.00056
1.00047
1.00048
1
1
1
1
1
1
1
1.00038
1.00388
1.00015
1.01398
1.00174
1.00946
1.00613
1.00163
1
1.00143
1.00112
1.00108
1.00164
1.00011
1.00161
1.00072
1.00936
1.00035
1
1.00034
1.00209
1.00052
1.0013
1.00031
1
1.0003
1.00122
1.00025
1
1.00024
1.0069
1.00181
1.02143
1.00567
1.00059
1
1
1
1.00053
1.00014
1.00131
1.00085
1.00118
1.00208
1.0014
1.00177
1
1.00127
1.00103
1.00118
1.00137
1.00141
1.00135
1.00139
1
1.00138
1.00062
1.00132
1.00135
1.00212
1.00124
1.00169
1.00847
1.00233
1.00105
1.00203
1.00026
1.00322
1.00098
1.00175
1.00044
1.00261
1
1.00294
1
1.00293
1
1.0024
1.00231
1.01983
1.00065
1.00176
1.00151
1.00052
1.00144
1.00078
1.00112
1.00429
1
1.00394
1.00106
1.00006
1
1.00005
1
1.00005
1.00731
1
1.00119
1
1.00098
1
1.02414
1.00007
1.00043
1.00192
1.006
1.00025
1.00404
1.00226
1.0034
1.00099
1.00038
1.00086
1.00065
1.02606
1.00118
1.00063
1.00077
1.00195
1.00005
1.00044
1.0033
1.00078
1.00226
1.00206
1.00222
1
1.00219
1.00104
1.00185
1.00034
1.00138
1.00088
1
1
1
1
1
1.00207
1.00047
1.00233
1.00094
1.0017
1.0008
1.00087
1.00055
1.00026
1.0015
1.00058
1.00676
1.00212
1.01044
1.0033
1.00585
1.00319
1.00244
1.00197
1.00238
1.00294
1.0026
1.01343
1.00037
1
1.00037
1.00025
1.00034
1.00189
1.00069
1.00192
1.00694
1.00523
1.296
1.45286
1.00458
1.01013
1.00159
1.00699
1.00556
1.00244
1.00336
1.00614
1.00396
1
1.00301
1.00217
1.00137
1.00224
1.00041
1
1.00041
1
1.00034
1
1.00028
1
1.00028
1
1.00021
1
1
1
1.00015
1.00193
1.0009
1.00071
1
1.00064
1.00544
1.00121
1.00475
1.0004
1.01205
1.00596
1.0105
1.00768
1.00691
1
1.00614
1.00173
1.00634
1
1.0053
1.01048
1.00153
1.01288
1.00408
1.00223
1.00285
1.0022
1.03276
1.00119
1.00278
1
1.00272
1.00515
1.00328
1.01699
1.0037
1.00044
1.00239
1.0009
1.00125
1.00017
1.00082
1.00346
1.0028
1.00323
1.00117
1.00233
1
1.00193
1.00226
1.00137
1.00434
1.02909
1.00565
1.00561
1.00322
1.00841
1.31844
1.00128
1.00152
1.00967
1.00116
1.00352
1.00158
1
1.00141
1.00078
1.00371
1
1.00324
1.00243
1.00305
1.00561
1.00311
1.00382
1.00326
1.0027
1.00219
1.00033
1.00101
1.00029
1.00269
1
1.0026
1
1.00203
1.00868
1.00279
1.00237
1.00268
1.00217
1.00164
1.00006
1
1.00053
1.00019
1
1.00018
1
1.00016
1.00006
1.00069
1.00082
1.00224
1.0012
1.00137
1.00124
1
1.00118
1
1.00108
1.47684
1.00057
1.00536
1.00185
1.00685
1.00856
1.00747
1.00323
1.00663
1.00435
1.00511
1.00088
1
1.00088
1.0024
1.00285
1.00101
1.00735
1.00285
1.00021
1.00058
1.00272
1
1.00263
1
1.00244
1.00056
1.00031
1.00043
1.00017
1.00027
1.00006
1.00036
1
1.00034
1.00967
1.00363
1.0013
1.00044
1.00122
1
1
1
1
1
1
1
1.00097
1.00362
1.00112
1.00215
1.00126
1.00266
1.00572
1.00419
1
1.00367
1.00105
1.00331
1.0006
1.0001
1.01051
1.00435
1.00662
1.00459
1
1.0045
1.00535
1.00458
1.00095
1.00029
1
1.00028
1.00092
1.00023
1
1.00022
1.00644
1.00169
1.02181
1.00286
1.00057
1
1
1
1.00052
1.0004
1.00188
1.0008
1.00157
1.00195
1.00166
1.00166
1
1.0012
1.00097
1.00111
1.00158
1.00132
1.00127
1.0013
1
1.0013
1.00058
1.00124
1.00148
1.00066
1.0017
1.00116
1.00546
1.00156
1.00099
1.0019
1.00024
1.00302
1.00092
1.00145
1.00147
1.00765
1
1.00165
1
1.00164
1
1.00135
1.00216
1.02382
1.00115
1.00165
1.00141
1.00049
1.00135
1.00073
1.00211
1.00402
1.00083
1.01051
1.00343
1.00116
1
1.00111
1
1.00109
1.00732
1
1.00111
1
1.00092
1
1.02412
1.0008
1.0004
1.0014
1.00037
1.00102
1.00379
1.00212
1.00319
1.00176
1.00036
1.00145
1.00078
1.02439
1.00026
1.00881
1.00178
1.00182
1.00082
1.00042
1.00309
1.00073
1.00212
1.00193
1.00208
1
1.00205
1.00098
1.00173
1.00032
1.00129
1.00083
1
1
1
1
1
1.00194
1.00044
1.00219
1.00088
1.00159
1.00075
1.00082
1.00051
1.00025
1.00141
1.00055
1.00634
1.00199
1.00978
1.00309
1.00548
1.00299
1.00229
1.00185
1.00223
1.00276
1.00016
1.00354
1.00035
1
1.00034
1.00023
1.00032
1.00106
1
1.0015
1
1.0049
1.30233
1.45189
1.0013
1.0095
1.00149
1.00656
1.00343
1.00178
1.00315
1.00575
1.00371
1
1.00282
1.00523
1.00358
1.0021
1.00039
1
1.00038
1
1.00032
1
1.00026
1
1.00026
1
1.0002
1
1
1
1.00014
1.0018
1.00084
1.00245
1
1.00219
1.0051
1.00254
1.00445
1.00159
1.00372
1.00559
1.00139
1.00719
1.00252
1
1.00224
1.0007
1.00595
1
1.00497
1.00981
1.00143
1.00928
1.001
1.00209
1.00121
1.0001
1.01249
1.00046
1.00261
1
1.00255
1.00483
1.00307
1.03287
1.0093
1.00181
1.00135
1.00085
1.00117
1.00133
1.00061
1.00324
1.00061
1.0019
1.0011
1.00129
1
1.00107
1.00754
1.00193
1.00407
1.20213
1.01309
1.00525
1.0091
1.00264
1.30827
1.00024
1.00623
1.02141
1.00985
1.0033
1.00866
1
1.0077
1.00162
1.00269
1
1.00235
1.00228
1.0013
1.00526
1.00114
1.00358
1.00015
1.00253
1.00057
1.0008
1.00094
1.00074
1.00196
1
1.0019
1
1.00148
1.00813
1.00037
1.00222
1.00028
1.00204
1.00022
1.00068
1.00451
1.00049
1.00269
1
1.0026
1
1.00221
1.00044
1.00058
1.00077
1.00269
1.00016
1.01237
1.00349
1
1.00331
1
1.00302
1.47559
1.00277
1.00409
1.00312
1.00215
1.00093
1.0017
1.00303
1.00076
1.00678
1.00028
1.00201
1
1.00199
1.00032
1.00447
1.00094
1.00689
1.00267
1.00115
1.00037
1.00564
1
1.00546
1
1.00506
1.00041
1.00029
1.0004
1.00016
1.00026
1.00006
1.00034
1
1.00032
1.00493
1.00154
1.00061
1.00041
1.00052
1
1
1
1
1
1
1
1.00041
1.01209
1.00105
1.00744
1.00009
1.00899
1.00612
1.00755
1
1.00662
1.00098
1.00556
1.00087
1.0001
1.00084
1.0004
1.00621
1.00102
1
1.001
1.00967
1.00005
1.00062
1.00027
1
1.00026
1.00058
1.00022
1
1.00021
1.00604
1.00159
1.00065
1.0014
1.0004
1
1
1
1.00036
1.0004
1.00112
1.00245
1.00008
1.00183
1.00051
1.00156
1
1.00112
1.00091
1.00104
1.00059
1.00008
1.00119
1.00039
1
1.00039
1.00055
1.0004
1.00054
1.00328
1.0016
1.00247
1.00514
1.00272
1.00093
1.00179
1.00023
1.00284
1.00087
1.0024
1.00108
1.00763
1
1.00155
1
1.00154
1
1.00127
1.01106
1.0199
1.00121
1.00155
1.00244
1.00189
1.00127
1.00171
1.00012
1.00424
1.00078
1.00147
1.00018
1.00085
1
1.00081
1
1.0008
1.00732
1
1.00105
1
1.00086
1
1.02399
1.00077
1.00104
1.00292
1.00035
1.00223
1.00357
1.00199
1.003
1.00249
1.0032
1.00265
1.00074
1.02292
1.00024
1.00111
1.00043
1.00172
1.00078
1.0018
1.00489
1.001
1.002
1.00182
1.00196
1
1.00193
1.00092
1.00163
1.0003
1.00122
1.00104
1
1
1
1
1
1.00182
1.00041
1.00206
1.00083
1.0015
1.0007
1.00099
1.00103
1.00023
1.00132
1.00052
1.00597
1.00187
1.00921
1.00291
1.00516
1.00281
1.00215
1.00174
1.0021
1.00259
1.00245
1.00333
1.00257
1
1.00252
1.00022
1.00199
1.00468
1.00261
1.0026
1
1.00461
1.30243
1.45102
1.00123
1.00894
1.0014
1.00617
1.00323
1.00269
1.00297
1.00542
1.00349
1
1.00265
1.00959
1.00121
1.00198
1.00037
1
1.00036
1
1.0003
1
1.00025
1
1.00024
1
1.00018
1
1
1
1.00014
1.0017
1.0012
1.00231
1
1.00206
1.01843
1.00041
1.0131
1.00213
1.0035
1.00526
1.00131
1.01651
1.00211
1
1.00188
1.0012
1.01224
1
1.01022
1.00827
1.00975
1.01263
1.0104
1.00197
1.00798
1.00261
1.02517
1.00325
1.00245
1
1.0024
1.00455
1.00289
1.003
1.00293
1.0032
1.00487
1.0008
1.00345
1.00324
1.00142
1.00305
1.00707
1.00046
1.00103
1.00058
1
1.00048
1.00256
1.00076
1.00429
1.12618
1.01082
1.00915
1.00654
1.00779
1.31863
1.00023
1.01364
1.00782
1.01222
1.00311
1.01056
1
1.00939
1.00192
1.00054
1
1.00047
1.00214
1.00085
1.00495
1.00095
1.00045
1.00066
1.005
1.00143
1.00173
1.00089
1.00165
1.00264
1
1.00254
1
1.00199
1.00765
1.00263
1.00209
1.0025
1.00192
1.00155
1.00127
1.00027
1.00046
1.00034
1
1.00033
1
1.00028
1.00119
1.00138
1.00072
1.00225
1.00113
1.00481
1.00049
1
1.00047
1
1.00043
1.47491
1.00062
1.0071
1.00143
1.00312
1.00088
1.00166
1.00285
1.0019
1.00448
1.00102
1.00047
1
1.00046
1.00227
1.00293
1.00089
1.00648
1.00252
1.00083
1.00131
1.0012
1
1.00116
1
1.00108
1.00131
1.00028
1.00038
1.00015
1.00024
1.00006
1.00032
1
1.0003
1.00466
1.00184
1.00064
1.00039
1.00062
1
1
1
1
1
1
1
1.00049
1.01138
1.00015
1.00158
1.00009
1.00302
1.00572
1.00437
1
1.00383
1.00092
1.00343
1.00042
1.00009
1.00079
1.00038
1.00584
1.00096
1
1.00095
1.02018
1.00285
1.00115
1.00025
1
1.00024
1.0011
1.0002
1
1.0002
1.00568
1.00149
1.02049
1.00276
1.00075
1
1
1
1.00068
1.00102
1.00106
1.00071
1.00054
1.00173
1.00084
1.00148
1
1.00106
1.00086
1.00098
1.00086
1.00007
1.00113
1.00037
1
1.00037
1.00052
1.00038
1.00072
1.00221
1.00151
1.00042
1.00486
1.00007
1.00088
1.00169
1.00022
1.00269
1.00082
1.0002
1.00057
1.00761
1
1.00146
1
1.00146
1
1.0012
1.00169
1.02258
1.00047
1.00147
1.00146
1.00036
1.0012
1.0006
1.00304
1.00402
1.00157
1.00367
1.00017
1.00025
1
1.00024
1
1.00023
1.00733
1
1.00099
1
1.00081
1
1.02395
1.00029
1.0004
1.00204
1.00033
1.00168
1.00337
1.00188
1.00283
1.00014
1.00016
1.00007
1.00209
1.02162
1.00159
1.00104
1.00147
1.00162
1.00151
1.00064
1.00318
1.00095
1.00189
1.00172
1.00185
1
1.00182
1.00087
1.00154
1.00028
1.00115
1.00098
1
1
1
1
1
1.00172
1.00039
1.0097
1.00079
1.00495
1.00104
1.00071
1.00049
1.00022
1.00125
1.00049
1.00564
1.00177
1.01287
1.00275
1.00764
1.00344
1.00203
1.00164
1.00199
1.003
1.00231
1.00314
1.00243
1
1.00238
1.00762
1.00358
1.00157
1.00312
1.00305
1
1.00436
1.30251
1.45026
1.00116
1.00844
1.00133
1.00583
1.00305
1.00305
1.0028
1.00512
1.0033
1
1.00251
1.00181
1.00114
1.0027
1.00035
1
1.00034
1
1.00029
1
1.00023
1
1.00023
1
1.00017
1
1
1
1.00013
1.00231
1.00095
1.00397
1
1.00355
1.00583
1.00382
1.00346
1.00283
1.00331
1.00497
1.00124
1.00768
1.00249
1
1.00221
1.00165
1.00492
1
1.00411
1.00781
1.00499
1.00943
1.0017
1.00186
1.00101
1.00138
1.00507
1.00149
1.00232
1
1.00226
1.00429
1.00273
1.02016
1.00867
1.00258
1.00259
1.00075
1.00143
1.00193
1.00106
1.00058
1.00018
1.00044
1.00098
1.00055
1
1.00045
1.00242
1.00071
1.00405
1.11834
1.01021
1.00864
1.00618
1.00321
1.32357
1.00075
1.00254
1.00739
1.00016
1.00293
1.0004
1
1.00035
1.00054
1.00256
1
1.00224
1.00202
1.00127
1.00468
1.00112
1.0034
1.00018
1.0122
1.00201
1.00041
1.00084
1.00037
1.002
1
1.00193
1
1.0015
1.00722
1.0005
1.00197
1.00012
1.00181
1.00029
1.00036
1.00426
1.00044
1.00255
1
1.00246
1
1.00209
1.00016
1.0009
1.00068
1.00213
1.00107
1.00454
1.00047
1
1.00044
1
1.0004
1.4745
1.00059
1.0104
1.00232
1.0098
1.00083
1.00592
1.00269
1.00528
1.00662
1.00547
1.00074
1
1.00073
1.00043
1.00277
1.00105
1.00612
1.00104
1.00041
1.00074
1.01356
1
1.01312
1
1.01215
1.00083
1.00026
1.00036
1.00014
1.00023
1.00005
1.0003
1
1.00028
1.00489
1.00155
1.00061
1.00036
1.00052
1
1
1
1
1
1
1
1.00042
1.01074
1.00098
1.00149
1.00064
1.00863
1.00608
1.00735
1
1.00644
1.00087
1.00543
1.00022
1.00009
1.00075
1.00036
1.02078
1.00255
1
1.0025
1.01023
1.00125
1.00022
1.00024
1
1.00023
1.00022
1.00019
1
1.00018
1.00539
1.00113
1.01935
1.00466
1.00023
1
1
1
1.00021
1.00074
1.00166
1.00093
1.00144
1.00164
1.00149
1.0014
1
1.00101
1.00081
1.00093
1.00141
1.00125
1.00107
1.00118
1
1.00118
1.00049
1.00112
1.00133
1.00056
1.00143
1.0004
1.0046
1.00007
1.00083
1.0016
1.00021
1.00254
1.00078
1.00019
1.00099
1.0076
1
1.00139
1
1.00138
1
1.00113
1.00273
1.02388
1.00072
1.00139
1.00618
1.0032
1.00114
1.00261
1.00028
1.00422
1.00066
1.00348
1.00045
1.00163
1
1.00156
1
1.00152
1.00733
1
1.00094
1
1.00077
1
1.02395
1.00136
1.00096
1.00193
1.00031
1.00159
1.00319
1.00178
1.00268
1.00013
1.00015
1.00007
1.00059
1.02046
1.00014
1.0084
1.00178
1.00154
1.0009
1.00044
1.00998
1.00158
1.00179
1.00163
1.00175
1
1.00173
1.00082
1.00146
1.00027
1.00109
1.00114
1
1
1
1
1
1.00163
1.00037
1.00246
1.00074
1.00168
1.00072
1.0009
1.00046
1.00021
1.00118
1.00046
1.00534
1.00167
1.00802
1.0026
1.00447
1.00247
1.00011
1.00155
1.00009
1.00175
1.00219
1.00298
1.0023
1
1.00226
1.00387
1.00085
1.00149
1.00099
1.0014
1.0065
1.00413
1.29664
1.44935
1.00409
1.008
1.00126
1.00552
1.00467
1.00187
1.00266
1.00485
1.00312
1
1.00237
1.00556
1.00337
1.00214
1.00033
1
1.00032
1
1.00027
1
1.00022
1
1.00022
1
1.00017
1
1
1
1.00012
1.00184
1.00081
1.00197
1
1.00176
1.00552
1.00222
1.00328
1.00147
1.00313
1.0047
1.00117
1.016
1.00213
1
1.00189
1.00156
1.00466
1
1.0039
1.0074
1.00473
1.01243
1.00646
1.00176
1.00486
1.00294
1.0235
1.00352
1.0022
1
1.00215
1.00407
1.00259
1.00179
1.00231
1.00333
1.00113
1.00071
1.00099
1.00296
1.00104
1.00118
1.00306
1.00184
1.00092
1.00127
1
1.00105
1.00229
1.00061
1.00428
1.03062
1.00567
1.01992
1.00016
1.00304
1.31826
1.00071
1.01302
1.007
1.01155
1.00278
1.00995
1
1.00885
1.00105
1.00219
1
1.00191
1.00263
1.00087
1.00443
1.00096
1.00441
1.00017
1.00408
1.00059
1.00088
1.00079
1.00083
1.00259
1
1.0025
1
1.00195
1.00684
1.00251
1.00187
1.00235
1.00172
1.00148
1.00055
1.00047
1.00042
1.00045
1
1.00044
1
1.00037
1.00054
1.00096
1.00065
1.00277
1.00027
1.0043
1.00137
1
1.0013
1
1.00119
1.47395
1.00122
1.00067
1.00071
1.00964
1.00079
1.00639
1.00255
1.00461
1.00458
1.00461
1.00137
1
1.00135
1.00217
1.00975
1.00099
1.0058
1.00098
1.00129
1.001
1.00043
1
1.00042
1
1.00039
1.00099
1.00025
1.00034
1.00013
1.00022
1.00005
1.00029
1
1.00027
1.00936
1.00348
1.00125
1.00034
1.00117
1
1
1
1
1
1
1
1.00093
1.00531
1.00117
1.00683
1.00193
1.00331
1.00576
1.0012
1
1.00106
1.00083
1.0008
1.00177
1.00008
1.0038
1.0015
1.00441
1.00086
1
1.00085
1.00499
1.00027
1.00132
1.00023
1
1.00022
1.00124
1.00018
1
1.00018
1.00511
1.00107
1.00273
1.00032
1.00115
1
1
1
1.00104
1.001
1.00092
1.00232
1.00002
1.00156
1.00037
1.00133
1
1.00096
1.00077
1.00089
1.00045
1.00119
1.00101
1.00112
1
1.00112
1.00046
1.00107
1.00062
1.00319
1.00136
1.001
1.00437
1.00131
1.00079
1.00152
1.0002
1.00242
1.00074
1.00121
1.00079
1.00759
1
1.00132
1
1.00131
1
1.00108
1.00173
1.02256
1.00068
1.00132
1.0017
1.00018
1.00108
1.00043
1.00026
1.004
1.00063
1.00579
1.00201
1.00068
1
1.00065
1
1.00064
1.00733
1
1.00089
1
1.00073
1
1.02391
1.00045
1.00025
1.00136
1.0003
1.00101
1.00303
1.00169
1.00255
1.00153
1.00014
1.00122
1.00335
1.01942
1.00287
1.00141
1.00254
1.00146
1.00225
1.00169
1.00352
1.00191
1.0017
1.00154
1.00166
1
1.00164
1.00078
1.00139
1.00026
1.00103
1.00176
1
1
1
1
1
1.00155
1.00035
1.00233
1.00071
1.00159
1.00068
1.00162
1.00062
1.0002
1.00113
1.00044
1.00373
1.0006
1.00762
1.00247
1.00425
1.00078
1.00193
1.00148
1.00188
1.00111
1.00208
1.00283
1.00218
1
1.00215
1.00368
1.0008
1.00142
1.00094
1.00104
1.00032
1.00392
1.30286
1.44874
1.00089
1.0076
1.00119
1.00525
1.00266
1.00127
1.00252
1.0046
1.00297
1
1.00225
1.00923
1.00137
1.00079
1.00031
1
1.00031
1
1.00026
1
1.00021
1
1.00021
1
1.00016
1
1
1
1.00012
1.00069
1.00064
1.00366
1
1.00328
1.00525
1.00351
1.00582
1.00382
1.00298
1.00447
1.00111
1.00806
1.00246
1
1.00219
1.00242
1.00212
1
1.00178
1.01048
1.00385
1.00955
1.00514
1.00167
1.00447
1.00046
1.01456
1.00087
1.00209
1
1.00204
1.00386
1.00246
1.0017
1.00219
1.0004
1.00251
1.00068
1.0014
1.00056
1.00051
1.00112
1.00682
1.00163
1.00088
1.00148
1
1.00123
1.00218
1.00135
1.00407
1.11307
1.0023
1.00919
1.00015
1.00768
1.31316
1.00173
1.00305
1.00665
1.00072
1.00264
1.00012
1
1.00011
1.00139
1.00054
1
1.00047
1.00205
1.00083
1.00421
1.00091
1.00729
1.00224
1.00388
1.00253
1.00182
1.00075
1.00174
1.00202
1
1.00195
1
1.00152
1.00649
1.0006
1.00178
1
1.00163
1.00035
1.00157
1.00406
1.00039
1.00244
1
1.00236
1
1.002
1.00128
1.00064
1.00061
1.00216
1.00103
1.00273
1.00149
1
1.00141
1
1.00129
1.47326
1.00083
1.00982
1.00321
1.00634
1.00075
1.00375
1.00242
1.00349
1.0065
1.00391
1.00041
1
1.00041
1.00051
1.00214
1.00094
1.00551
1.00093
1.0005
1.00062
1.00865
1
1.00837
1
1.00776
1.00068
1.00023
1.00032
1.00013
1.0002
1.00005
1.00027
1
1.00026
1.0051
1.00165
1.00064
1.00033
1.00056
1
1
1
1
1
1
1
1.00044
1.00505
1.00015
1.01505
1.00215
1.00314
1.00547
1.00114
1
1.001
1.00078
1.00076
1.00174
1.00008
1.0009
1.00041
1.01118
1.00082
1
1.0008
1.00994
1.0017
1.00071
1.00022
1
1.00021
1.00068
1.00017
1
1.00017
1.00485
1.00102
1.01847
1.0044
1.00022
1
1
1
1.00019
1.00055
1.00087
1.00221
1.00002
1.00148
1.00035
1.00127
1
1.00091
1.00074
1.00084
1.00042
1.00113
1.00097
1.00107
1
1.00107
1.00044
1.00102
1.00059
1.00038
1.00272
1.00111
1.00416
1.00062
1.00075
1.00145
1.00019
1.0023
1.0007
1.00039
1.0003
1.00513
1
1.00094
1
1.00094
1
1.00077
1.00165
1.02127
1.00038
1.00126
1.00596
1.00303
1.00103
1.00246
1.0008
1.00381
1.00143
1.0013
1.0007
1.00102
1
1.00098
1
1.00095
1.00728
1
1.00085
1
1.0007
1
1.02385
1.00088
1.00057
1.0003
1.00028
1.0003
